TN:
SF:/www/sites/wedding-site/src/components/video-capture.vue
FN:8,data
FN:14,start
FN:17,setupVideo
FN:23,(anonymous_4)
FN:25,(anonymous_5)
FN:29,stop
FN:30,(anonymous_7)
FN:33,(anonymous_8)
FNF:8
FNH:1
FNDA:1,data
FNDA:0,start
FNDA:0,setupVideo
FNDA:0,(anonymous_4)
FNDA:0,(anonymous_5)
FNDA:0,stop
FNDA:0,(anonymous_7)
FNDA:0,(anonymous_8)
DA:0,1
DA:19,1
DA:24,0
DA:25,0
DA:26,0
DA:27,0
DA:28,0
DA:31,0
DA:33,0
DA:37,0
DA:40,0
DA:41,0
DA:42,0
LF:13
LH:2
BRF:0
BRH:0
end_of_record
TN:
SF:/www/sites/wedding-site/src/app.vue
FN:27,_interopRequireDefault
FNF:1
FNH:1
FNDA:5,_interopRequireDefault
DA:0,5
DA:13,1
DA:14,1
DA:15,1
DA:16,1
DA:17,1
LF:6
LH:6
BRDA:27,1,0,0
BRDA:27,1,1,5
BRDA:27,2,0,5
BRDA:27,2,1,5
BRF:4
BRH:4
end_of_record
TN:
SF:/www/sites/wedding-site/src/components/countdown.vue
FNF:0
FNH:0
LF:0
LH:0
BRF:0
BRH:0
end_of_record
TN:
SF:/www/sites/wedding-site/src/components/site-footer.vue
FNF:0
FNH:0
LF:0
LH:0
BRF:0
BRH:0
end_of_record
TN:
SF:/www/sites/wedding-site/src/components/site-header.vue
FNF:0
FNH:0
LF:0
LH:0
BRF:0
BRH:0
end_of_record
TN:
SF:/www/sites/wedding-site/src/components/rsvps.vue
FNF:0
FNH:0
LF:0
LH:0
BRF:0
BRH:0
end_of_record
TN:
SF:/www/sites/wedding-site/src/components/accordion.vue
FNF:0
FNH:0
LF:0
LH:0
BRF:0
BRH:0
end_of_record
